C51 COMPILER V9.01   LCD                                                                   09/06/2018 08:12:16 PAGE 1   


C51 COMPILER V9.01, COMPILATION OF MODULE LCD
OBJECT MODULE PLACED IN lcd.OBJ
COMPILER INVOKED BY: E:\program\keil\C51\BIN\C51.EXE lcd.c BROWSE DEBUG OBJECTEXTEND

line level    source

   1          #include <reg52.h>
   2          #define DATA P0
   3          typedef unsigned int u16;
   4          typedef unsigned char u8;
   5          sbit rs = P2^1;
   6          sbit rw = P1^5;
   7          sbit en = P1^6;    
   8          void delay(u16 num)
   9          {
  10   1              u16 x, y;
  11   1              for(x=num; x>0; x--)
  12   1                      for(y=110; y>0; y--){}
  13   1      }
  14          void write_cmd(u8 cmd)
  15          {
  16   1              rs = 0;
  17   1              rw = 0;  
  18   1              DATA = cmd;
  19   1              delay(5);
  20   1              en = 1;
  21   1              delay(5);
  22   1              en = 0;
  23   1      }
  24          void write_data(u8 dat)
  25          {
  26   1              rs = 1;
  27   1              rw = 0;  
  28   1              DATA = dat;
  29   1              delay(5);
  30   1              en = 1;
  31   1              delay(5);
  32   1              en = 0;
  33   1      }                         
  34          void lcd_init(void)
  35          {
  36   1              write_cmd(0x02);//归位
  37   1              write_cmd(0x06);
  38   1              write_cmd(0x0c);
  39   1              write_cmd(0x38);//功能设置，8位数据口，两行显示
  40   1              write_cmd(0x01);//清屏
  41   1      }
  42          
  43          
  44          int main(void)
  45          {
  46   1              rw = 0;
  47   1              rs = 0;
  48   1              lcd_init();
  49   1              write_cmd(0x80);
  50   1              write_data('1');
  51   1              while(1);
  52   1              return 0;
  53   1      }
  54          
  55          
C51 COMPILER V9.01   LCD                                                                   09/06/2018 08:12:16 PAGE 2   

  56          
  57          
  58          
  59          
  60          
  61          
  62          
  63          
  64          
  65          
  66          
  67          
  68          
  69          


MODULE INFORMATION:   STATIC OVERLAYABLE
   CODE SIZE        =    107    ----
   CONSTANT SIZE    =   ----    ----
   XDATA SIZE       =   ----    ----
   PDATA SIZE       =   ----    ----
   DATA SIZE        =   ----    ----
   IDATA SIZE       =   ----    ----
   BIT SIZE         =   ----    ----
END OF MODULE INFORMATION.


C51 COMPILATION COMPLETE.  0 WARNING(S),  0 ERROR(S)
